[2022-04-10 11:28:56.833] [exthost] [info] Extension host with pid 228354 started
[2022-04-10 11:28:56.833] [exthost] [info] Skipping acquiring lock for /home/okabe/.config/Code/User/workspaceStorage/483bb959ae50eb7816ba6312a91b3731.
[2022-04-10 11:28:57.989] [exthost] [info] ExtensionService#_doActivateExtension vscode.debug-auto-launch, startup: true, activationEvent: '*'
[2022-04-10 11:28:58.036] [exthost] [info] ExtensionService#_doActivateExtension vscode.git-base, startup: true, activationEvent: '*', root cause: vscode.github
[2022-04-10 11:28:58.057] [exthost] [info] ExtensionService#_doActivateExtension vscode.ipynb, startup: true, activationEvent: '*'
[2022-04-10 11:28:58.084] [exthost] [info] ExtensionService#_doActivateExtension GitHub.vscode-pull-request-github, startup: true, activationEvent: '*'
[2022-04-10 11:28:59.374] [exthost] [info] ExtensionService#_doActivateExtension vscode.github-authentication, startup: false, activationEvent: 'onAuthenticationRequest:github'
[2022-04-10 11:29:00.963] [exthost] [info] ExtensionService#_doActivateExtension vscode.github, startup: true, activationEvent: '*'
[2022-04-10 11:29:01.066] [exthost] [info] Eager extensions activated
[2022-04-10 11:29:01.082] [exthost] [info] ExtensionService#_doActivateExtension vscode.emmet, startup: false, activationEvent: 'onStartupFinished'
[2022-04-10 11:29:01.168] [exthost] [info] ExtensionService#_doActivateExtension vscode.merge-conflict, startup: false, activationEvent: 'onStartupFinished'
[2022-04-10 11:29:01.182] [exthost] [info] ExtensionService#_doActivateExtension esbenp.prettier-vscode, startup: false, activationEvent: 'onStartupFinished'
[2022-04-10 11:29:01.570] [exthost] [info] ExtensionService#_doActivateExtension ms-vscode-remote.remote-containers, startup: false, activationEvent: 'onStartupFinished'
[2022-04-10 11:29:02.407] [exthost] [info] ExtensionService#_doActivateExtension ms-vscode-remote.remote-wsl, startup: false, activationEvent: 'onStartupFinished'
[2022-04-10 11:29:02.517] [exthost] [info] ExtensionService#_doActivateExtension PKief.material-icon-theme, startup: false, activationEvent: 'onStartupFinished'
[2022-04-10 11:29:07.788] [exthost] [info] ExtensionService#_doActivateExtension vscode.configuration-editing, startup: false, activationEvent: 'onLanguage:json'
[2022-04-10 11:29:07.868] [exthost] [info] ExtensionService#_doActivateExtension vscode.extension-editing, startup: false, activationEvent: 'onLanguage:json'
[2022-04-10 11:29:07.947] [exthost] [info] ExtensionService#_doActivateExtension vscode.json-language-features, startup: false, activationEvent: 'onLanguage:json'
[2022-04-10 11:29:08.139] [exthost] [info] ExtensionService#_doActivateExtension vscode.npm, startup: false, activationEvent: 'onLanguage:json'
[2022-04-10 11:29:21.183] [exthost] [info] extension host terminating: renderer closed the socket
[2022-04-10 11:29:21.335] [exthost] [info] Extension host with pid 228354 exiting with code 0
