[Info] /home/okabe/.ssh/config: ENOENT: no such file or directory, open '/home/okabe/.ssh/config'
[Info] Registering git provider
[Info] Looking for git repository
[Info] Found 0 repositories during activation
[Info] Git repository found, initializing review manager and pr tree view.
[Info] Repository file:///home/okabe/programs/js/node/videostreaming-webapp-from-wallmart has been opened
[Info] Review> Validate state in progress
[Info] Review> Validating state...
[Info] Cannot updates repositories as git is uninitialized
[Info] Git initialization state changed: state=initialized
[Info] Review> Queuing additional validate state
[Info] Review> Queuing additional validate state
[Info] Repo state for file:///home/okabe/programs/js/node/videostreaming-webapp-from-wallmart changed.
[Info] Repo file:///home/okabe/programs/js/node/videostreaming-webapp-from-wallmart has already been setup.
[Info] Review> Validating state...
[Info] Found GitHub remote
[Info] Review> no matching pull request metadata found for current branch master
[Info] Review> no matching pull request metadata found on GitHub for current branch master
[Info] Review> Validating state...
[Info] Found GitHub remote
[Info] Review> no matching pull request metadata found for current branch master
[Info] Review> no matching pull request metadata found on GitHub for current branch master
